[22:31:30] [main/INFO] [GradleStart]: No arguments specified, assuming client.
[22:31:30] [main/INFO] [GradleStart]: Extra: []
[22:31:30] [main/INFO] [GradleStart]: Running with arguments: [--userProperties, {}, --assetsDir, C:/Users/Matthew/.gradle/caches/minecraft/assets, --assetIndex, 1.7.10, --accessToken, FML, --version, 1.7.10, --tweakClass, cpw.mods.fml.common.launcher.FMLTweaker, --username, ForgeDevName]
[22:31:30] [main/INFO] [LaunchWrapper]: Loading tweak class name cpw.mods.fml.common.launcher.FMLTweaker
[22:31:30] [main/INFO] [LaunchWrapper]: Using primary tweak class name cpw.mods.fml.common.launcher.FMLTweaker
[22:31:30] [main/INFO] [LaunchWrapper]: Calling tweak class cpw.mods.fml.common.launcher.FMLTweaker
[22:12:56] [main/INFO] [GradleStart]: No arguments specified, assuming client.
[22:12:56] [main/INFO] [GradleStart]: Extra: []
[22:12:56] [main/INFO] [GradleStart]: Running with arguments: [--userProperties, {}, --assetsDir, C:/Users/Matthew/.gradle/caches/minecraft/assets, --assetIndex, 1.7.10, --accessToken, FML, --version, 1.7.10, --tweakClass, cpw.mods.fml.common.launcher.FMLTweaker, --username, ForgeDevName]
[22:12:56] [main/INFO] [LaunchWrapper]: Loading tweak class name cpw.mods.fml.common.launcher.FMLTweaker
[22:12:56] [main/INFO] [LaunchWrapper]: Using primary tweak class name cpw.mods.fml.common.launcher.FMLTweaker
[22:12:56] [main/INFO] [LaunchWrapper]: Calling tweak class cpw.mods.fml.common.launcher.FMLTweaker
[22:37:19] [main/INFO] [GradleStart]: No arguments specified, assuming client.
[22:37:19] [main/INFO] [GradleStart]: Extra: []
[22:37:19] [main/INFO] [GradleStart]: Running with arguments: [--userProperties, {}, --assetsDir, C:/Users/Matthew/.gradle/caches/minecraft/assets, --assetIndex, 1.7.10, --accessToken, FML, --version, 1.7.10, --tweakClass, cpw.mods.fml.common.launcher.FMLTweaker, --username, ForgeDevName]
[22:37:19] [main/INFO] [LaunchWrapper]: Loading tweak class name cpw.mods.fml.common.launcher.FMLTweaker
[22:37:19] [main/INFO] [LaunchWrapper]: Using primary tweak class name cpw.mods.fml.common.launcher.FMLTweaker
[22:37:19] [main/INFO] [LaunchWrapper]: Calling tweak class cpw.mods.fml.common.launcher.FMLTweaker
[22:38:56] [main/INFO] [GradleStart]: No arguments specified, assuming client.
[22:38:56] [main/INFO] [GradleStart]: Extra: []
[22:38:56] [main/INFO] [GradleStart]: Running with arguments: [--userProperties, {}, --assetsDir, C:/Users/Matthew/.gradle/caches/minecraft/assets, --assetIndex, 1.7.10, --accessToken, FML, --version, 1.7.10, --tweakClass, cpw.mods.fml.common.launcher.FMLTweaker, --username, ForgeDevName]
[22:38:56] [main/INFO] [LaunchWrapper]: Loading tweak class name cpw.mods.fml.common.launcher.FMLTweaker
[22:38:56] [main/INFO] [LaunchWrapper]: Using primary tweak class name cpw.mods.fml.common.launcher.FMLTweaker
[22:38:56] [main/INFO] [LaunchWrapper]: Calling tweak class cpw.mods.fml.common.launcher.FMLTweaker
[22:41:17] [main/INFO] [GradleStart]: No arguments specified, assuming client.
[22:41:17] [main/INFO] [GradleStart]: Extra: []
[22:41:17] [main/INFO] [GradleStart]: Running with arguments: [--userProperties, {}, --username, ForgeDevName, --tweakClass, cpw.mods.fml.common.launcher.FMLTweaker, --accessToken, FML, --assetIndex, 1.7.10, --assetsDir, C:/Users/Matthew/.gradle/caches/minecraft/assets, --version, 1.7.10]
[22:41:17] [main/INFO] [LaunchWrapper]: Loading tweak class name cpw.mods.fml.common.launcher.FMLTweaker
[22:41:17] [main/INFO] [LaunchWrapper]: Using primary tweak class name cpw.mods.fml.common.launcher.FMLTweaker
[22:41:17] [main/INFO] [LaunchWrapper]: Calling tweak class cpw.mods.fml.common.launcher.FMLTweaker
[22:56:35] [main/INFO] [GradleStart]: No arguments specified, assuming client.
[22:56:35] [main/INFO] [GradleStart]: Extra: []
[22:56:35] [main/INFO] [GradleStart]: Running with arguments: [--userProperties, {}, --username, ForgeDevName, --tweakClass, cpw.mods.fml.common.launcher.FMLTweaker, --accessToken, FML, --assetIndex, 1.7.10, --assetsDir, C:/Users/Matthew/.gradle/caches/minecraft/assets, --version, 1.7.10]
[22:56:36] [main/INFO] [LaunchWrapper]: Loading tweak class name cpw.mods.fml.common.launcher.FMLTweaker
[22:56:36] [main/INFO] [LaunchWrapper]: Using primary tweak class name cpw.mods.fml.common.launcher.FMLTweaker
[22:56:36] [main/INFO] [LaunchWrapper]: Calling tweak class cpw.mods.fml.common.launcher.FMLTweaker
[23:06:02] [main/INFO] [GradleStart]: No arguments specified, assuming client.
[23:06:02] [main/INFO] [GradleStart]: Extra: []
[23:06:02] [main/INFO] [GradleStart]: Running with arguments: [--userProperties, {}, --username, ForgeDevName, --tweakClass, cpw.mods.fml.common.launcher.FMLTweaker, --accessToken, FML, --assetIndex, 1.7.10, --assetsDir, C:/Users/Matthew/.gradle/caches/minecraft/assets, --version, 1.7.10]
[23:06:02] [main/INFO] [LaunchWrapper]: Loading tweak class name cpw.mods.fml.common.launcher.FMLTweaker
[23:06:02] [main/INFO] [LaunchWrapper]: Using primary tweak class name cpw.mods.fml.common.launcher.FMLTweaker
[23:06:02] [main/INFO] [LaunchWrapper]: Calling tweak class cpw.mods.fml.common.launcher.FMLTweaker
[23:15:02] [main/INFO] [GradleStart]: No arguments specified, assuming client.
[23:15:02] [main/INFO] [GradleStart]: Extra: []
[23:15:02] [main/INFO] [GradleStart]: Running with arguments: [--userProperties, {}, --username, ForgeDevName, --tweakClass, cpw.mods.fml.common.launcher.FMLTweaker, --accessToken, FML, --assetIndex, 1.7.10, --assetsDir, C:/Users/Matthew/.gradle/caches/minecraft/assets, --version, 1.7.10]
[23:15:03] [main/INFO] [LaunchWrapper]: Loading tweak class name cpw.mods.fml.common.launcher.FMLTweaker
[23:15:03] [main/INFO] [LaunchWrapper]: Using primary tweak class name cpw.mods.fml.common.launcher.FMLTweaker
[23:15:03] [main/INFO] [LaunchWrapper]: Calling tweak class cpw.mods.fml.common.launcher.FMLTweaker
[23:21:15] [main/INFO] [GradleStart]: No arguments specified, assuming client.
[23:21:15] [main/INFO] [GradleStart]: Extra: []
[23:21:15] [main/INFO] [GradleStart]: Running with arguments: [--userProperties, {}, --username, ForgeDevName, --tweakClass, cpw.mods.fml.common.launcher.FMLTweaker, --accessToken, FML, --assetIndex, 1.7.10, --assetsDir, C:/Users/Matthew/.gradle/caches/minecraft/assets, --version, 1.7.10]
[23:21:15] [main/INFO] [LaunchWrapper]: Loading tweak class name cpw.mods.fml.common.launcher.FMLTweaker
[23:21:15] [main/INFO] [LaunchWrapper]: Using primary tweak class name cpw.mods.fml.common.launcher.FMLTweaker
[23:21:15] [main/INFO] [LaunchWrapper]: Calling tweak class cpw.mods.fml.common.launcher.FMLTweaker
[21:09:24] [main/INFO] [GradleStart]: No arguments specified, assuming client.
[21:09:24] [main/INFO] [GradleStart]: Extra: []
[21:09:24] [main/INFO] [GradleStart]: Running with arguments: [--userProperties, {}, --username, ForgeDevName, --tweakClass, cpw.mods.fml.common.launcher.FMLTweaker, --accessToken, FML, --assetIndex, 1.7.10, --assetsDir, C:/Users/Matthew/.gradle/caches/minecraft/assets, --version, 1.7.10]
[21:09:24] [main/INFO] [LaunchWrapper]: Loading tweak class name cpw.mods.fml.common.launcher.FMLTweaker
[21:09:24] [main/INFO] [LaunchWrapper]: Using primary tweak class name cpw.mods.fml.common.launcher.FMLTweaker
[21:09:24] [main/INFO] [LaunchWrapper]: Calling tweak class cpw.mods.fml.common.launcher.FMLTweaker
[21:17:30] [main/INFO] [GradleStart]: No arguments specified, assuming client.
[21:17:30] [main/INFO] [GradleStart]: Extra: []
[21:17:30] [main/INFO] [GradleStart]: Running with arguments: [--userProperties, {}, --username, ForgeDevName, --tweakClass, cpw.mods.fml.common.launcher.FMLTweaker, --accessToken, FML, --assetIndex, 1.7.10, --assetsDir, C:/Users/Matthew/.gradle/caches/minecraft/assets, --version, 1.7.10]
[21:17:30] [main/INFO] [LaunchWrapper]: Loading tweak class name cpw.mods.fml.common.launcher.FMLTweaker
[21:17:30] [main/INFO] [LaunchWrapper]: Using primary tweak class name cpw.mods.fml.common.launcher.FMLTweaker
[21:17:30] [main/INFO] [LaunchWrapper]: Calling tweak class cpw.mods.fml.common.launcher.FMLTweaker
[21:24:08] [main/INFO] [GradleStart]: No arguments specified, assuming client.
[21:24:08] [main/INFO] [GradleStart]: Extra: []
[21:24:08] [main/INFO] [GradleStart]: Running with arguments: [--userProperties, {}, --username, ForgeDevName, --tweakClass, cpw.mods.fml.common.launcher.FMLTweaker, --accessToken, FML, --assetIndex, 1.7.10, --assetsDir, C:/Users/Matthew/.gradle/caches/minecraft/assets, --version, 1.7.10]
[21:24:08] [main/INFO] [LaunchWrapper]: Loading tweak class name cpw.mods.fml.common.launcher.FMLTweaker
[21:24:08] [main/INFO] [LaunchWrapper]: Using primary tweak class name cpw.mods.fml.common.launcher.FMLTweaker
[21:24:08] [main/INFO] [LaunchWrapper]: Calling tweak class cpw.mods.fml.common.launcher.FMLTweaker
[16:35:43] [main/INFO] [GradleStart]: No arguments specified, assuming client.
[16:35:43] [main/INFO] [GradleStart]: Extra: []
[16:35:43] [main/INFO] [GradleStart]: Running with arguments: [--userProperties, {}, --username, ForgeDevName, --tweakClass, cpw.mods.fml.common.launcher.FMLTweaker, --accessToken, FML, --assetIndex, 1.7.10, --assetsDir, C:/Users/Matthew/.gradle/caches/minecraft/assets, --version, 1.7.10]
[16:35:43] [main/INFO] [LaunchWrapper]: Loading tweak class name cpw.mods.fml.common.launcher.FMLTweaker
[16:35:43] [main/INFO] [LaunchWrapper]: Using primary tweak class name cpw.mods.fml.common.launcher.FMLTweaker
[16:35:43] [main/INFO] [LaunchWrapper]: Calling tweak class cpw.mods.fml.common.launcher.FMLTweaker
[20:08:07] [main/INFO] [GradleStart]: No arguments specified, assuming client.
[20:08:07] [main/INFO] [GradleStart]: Extra: []
[20:08:07] [main/INFO] [GradleStart]: Running with arguments: [--userProperties, {}, --username, ForgeDevName, --tweakClass, cpw.mods.fml.common.launcher.FMLTweaker, --accessToken, FML, --assetIndex, 1.7.10, --assetsDir, C:/Users/Matthew/.gradle/caches/minecraft/assets, --version, 1.7.10]
[20:08:07] [main/INFO] [LaunchWrapper]: Loading tweak class name cpw.mods.fml.common.launcher.FMLTweaker
[20:08:07] [main/INFO] [LaunchWrapper]: Using primary tweak class name cpw.mods.fml.common.launcher.FMLTweaker
[20:08:07] [main/INFO] [LaunchWrapper]: Calling tweak class cpw.mods.fml.common.launcher.FMLTweaker
[21:12:59] [main/INFO] [GradleStart]: No arguments specified, assuming client.
[21:12:59] [main/INFO] [GradleStart]: Extra: []
[21:12:59] [main/INFO] [GradleStart]: Running with arguments: [--userProperties, {}, --username, ForgeDevName, --tweakClass, cpw.mods.fml.common.launcher.FMLTweaker, --accessToken, FML, --assetIndex, 1.7.10, --assetsDir, C:/Users/Matthew/.gradle/caches/minecraft/assets, --version, 1.7.10]
[21:12:59] [main/INFO] [LaunchWrapper]: Loading tweak class name cpw.mods.fml.common.launcher.FMLTweaker
[21:12:59] [main/INFO] [LaunchWrapper]: Using primary tweak class name cpw.mods.fml.common.launcher.FMLTweaker
[21:12:59] [main/INFO] [LaunchWrapper]: Calling tweak class cpw.mods.fml.common.launcher.FMLTweaker
[21:14:36] [main/INFO] [GradleStart]: No arguments specified, assuming client.
[21:14:36] [main/INFO] [GradleStart]: Extra: []
[21:14:37] [main/INFO] [GradleStart]: Running with arguments: [--userProperties, {}, --username, ForgeDevName, --tweakClass, cpw.mods.fml.common.launcher.FMLTweaker, --accessToken, FML, --assetIndex, 1.7.10, --assetsDir, C:/Users/Matthew/.gradle/caches/minecraft/assets, --version, 1.7.10]
[21:14:37] [main/INFO] [LaunchWrapper]: Loading tweak class name cpw.mods.fml.common.launcher.FMLTweaker
[21:14:37] [main/INFO] [LaunchWrapper]: Using primary tweak class name cpw.mods.fml.common.launcher.FMLTweaker
[21:14:37] [main/INFO] [LaunchWrapper]: Calling tweak class cpw.mods.fml.common.launcher.FMLTweaker
[21:26:32] [main/INFO] [GradleStart]: No arguments specified, assuming client.
[21:26:32] [main/INFO] [GradleStart]: Extra: []
[21:26:32] [main/INFO] [GradleStart]: Running with arguments: [--userProperties, {}, --username, ForgeDevName, --tweakClass, cpw.mods.fml.common.launcher.FMLTweaker, --accessToken, FML, --assetIndex, 1.7.10, --assetsDir, C:/Users/Matthew/.gradle/caches/minecraft/assets, --version, 1.7.10]
[21:26:32] [main/INFO] [LaunchWrapper]: Loading tweak class name cpw.mods.fml.common.launcher.FMLTweaker
[21:26:32] [main/INFO] [LaunchWrapper]: Using primary tweak class name cpw.mods.fml.common.launcher.FMLTweaker
[21:26:32] [main/INFO] [LaunchWrapper]: Calling tweak class cpw.mods.fml.common.launcher.FMLTweaker
[21:43:33] [main/INFO] [GradleStart]: No arguments specified, assuming client.
[21:43:33] [main/INFO] [GradleStart]: Extra: []
[21:43:33] [main/INFO] [GradleStart]: Running with arguments: [--userProperties, {}, --username, ForgeDevName, --tweakClass, cpw.mods.fml.common.launcher.FMLTweaker, --accessToken, FML, --assetIndex, 1.7.10, --assetsDir, C:/Users/Matthew/.gradle/caches/minecraft/assets, --version, 1.7.10]
[21:43:33] [main/INFO] [LaunchWrapper]: Loading tweak class name cpw.mods.fml.common.launcher.FMLTweaker
[21:43:33] [main/INFO] [LaunchWrapper]: Using primary tweak class name cpw.mods.fml.common.launcher.FMLTweaker
[21:43:33] [main/INFO] [LaunchWrapper]: Calling tweak class cpw.mods.fml.common.launcher.FMLTweaker
[21:57:00] [main/INFO] [GradleStart]: No arguments specified, assuming client.
[21:57:00] [main/INFO] [GradleStart]: Extra: []
[21:57:00] [main/INFO] [GradleStart]: Running with arguments: [--userProperties, {}, --username, ForgeDevName, --tweakClass, cpw.mods.fml.common.launcher.FMLTweaker, --accessToken, FML, --assetIndex, 1.7.10, --assetsDir, C:/Users/Matthew/.gradle/caches/minecraft/assets, --version, 1.7.10]
[21:57:01] [main/INFO] [LaunchWrapper]: Loading tweak class name cpw.mods.fml.common.launcher.FMLTweaker
[21:57:01] [main/INFO] [LaunchWrapper]: Using primary tweak class name cpw.mods.fml.common.launcher.FMLTweaker
[21:57:01] [main/INFO] [LaunchWrapper]: Calling tweak class cpw.mods.fml.common.launcher.FMLTweaker
[22:33:32] [main/INFO] [GradleStart]: No arguments specified, assuming client.
[22:33:32] [main/INFO] [GradleStart]: Extra: []
[22:33:32] [main/INFO] [GradleStart]: Running with arguments: [--userProperties, {}, --username, ForgeDevName, --tweakClass, cpw.mods.fml.common.launcher.FMLTweaker, --accessToken, FML, --assetIndex, 1.7.10, --assetsDir, C:/Users/Matthew/.gradle/caches/minecraft/assets, --version, 1.7.10]
[22:33:32] [main/INFO] [LaunchWrapper]: Loading tweak class name cpw.mods.fml.common.launcher.FMLTweaker
[22:33:32] [main/INFO] [LaunchWrapper]: Using primary tweak class name cpw.mods.fml.common.launcher.FMLTweaker
[22:33:32] [main/INFO] [LaunchWrapper]: Calling tweak class cpw.mods.fml.common.launcher.FMLTweaker
[14:15:03] [main/INFO] [GradleStart]: No arguments specified, assuming client.
[14:15:03] [main/INFO] [GradleStart]: Extra: []
[14:15:03] [main/INFO] [GradleStart]: Running with arguments: [--userProperties, {}, --username, ForgeDevName, --tweakClass, cpw.mods.fml.common.launcher.FMLTweaker, --accessToken, FML, --assetIndex, 1.7.10, --assetsDir, C:/Users/Matthew/.gradle/caches/minecraft/assets, --version, 1.7.10]
[14:15:03] [main/INFO] [LaunchWrapper]: Loading tweak class name cpw.mods.fml.common.launcher.FMLTweaker
[14:15:03] [main/INFO] [LaunchWrapper]: Using primary tweak class name cpw.mods.fml.common.launcher.FMLTweaker
[14:15:03] [main/INFO] [LaunchWrapper]: Calling tweak class cpw.mods.fml.common.launcher.FMLTweaker
[14:33:31] [main/INFO] [GradleStart]: No arguments specified, assuming client.
[14:33:31] [main/INFO] [GradleStart]: Extra: []
[14:33:31] [main/INFO] [GradleStart]: Running with arguments: [--userProperties, {}, --username, ForgeDevName, --tweakClass, cpw.mods.fml.common.launcher.FMLTweaker, --accessToken, FML, --assetIndex, 1.7.10, --assetsDir, C:/Users/Matthew/.gradle/caches/minecraft/assets, --version, 1.7.10]
[14:33:31] [main/INFO] [LaunchWrapper]: Loading tweak class name cpw.mods.fml.common.launcher.FMLTweaker
[14:33:31] [main/INFO] [LaunchWrapper]: Using primary tweak class name cpw.mods.fml.common.launcher.FMLTweaker
[14:33:31] [main/INFO] [LaunchWrapper]: Calling tweak class cpw.mods.fml.common.launcher.FMLTweaker
[15:34:24] [main/INFO] [GradleStart]: No arguments specified, assuming client.
[15:34:24] [main/INFO] [GradleStart]: Extra: []
[15:34:24] [main/INFO] [GradleStart]: Running with arguments: [--userProperties, {}, --username, ForgeDevName, --tweakClass, cpw.mods.fml.common.launcher.FMLTweaker, --accessToken, FML, --assetIndex, 1.7.10, --assetsDir, C:/Users/Matthew/.gradle/caches/minecraft/assets, --version, 1.7.10]
[15:34:24] [main/INFO] [LaunchWrapper]: Loading tweak class name cpw.mods.fml.common.launcher.FMLTweaker
[15:34:24] [main/INFO] [LaunchWrapper]: Using primary tweak class name cpw.mods.fml.common.launcher.FMLTweaker
[15:34:24] [main/INFO] [LaunchWrapper]: Calling tweak class cpw.mods.fml.common.launcher.FMLTweaker
[15:56:30] [main/INFO] [GradleStart]: No arguments specified, assuming client.
[15:56:30] [main/INFO] [GradleStart]: Extra: []
[15:56:30] [main/INFO] [GradleStart]: Running with arguments: [--userProperties, {}, --username, ForgeDevName, --tweakClass, cpw.mods.fml.common.launcher.FMLTweaker, --accessToken, FML, --assetIndex, 1.7.10, --assetsDir, C:/Users/Matthew/.gradle/caches/minecraft/assets, --version, 1.7.10]
[15:56:30] [main/INFO] [LaunchWrapper]: Loading tweak class name cpw.mods.fml.common.launcher.FMLTweaker
[15:56:30] [main/INFO] [LaunchWrapper]: Using primary tweak class name cpw.mods.fml.common.launcher.FMLTweaker
[15:56:30] [main/INFO] [LaunchWrapper]: Calling tweak class cpw.mods.fml.common.launcher.FMLTweaker
[16:01:59] [main/INFO] [GradleStart]: No arguments specified, assuming client.
[16:01:59] [main/INFO] [GradleStart]: Extra: []
[16:01:59] [main/INFO] [GradleStart]: Running with arguments: [--userProperties, {}, --username, ForgeDevName, --tweakClass, cpw.mods.fml.common.launcher.FMLTweaker, --accessToken, FML, --assetIndex, 1.7.10, --assetsDir, C:/Users/Matthew/.gradle/caches/minecraft/assets, --version, 1.7.10]
[16:01:59] [main/INFO] [LaunchWrapper]: Loading tweak class name cpw.mods.fml.common.launcher.FMLTweaker
[16:01:59] [main/INFO] [LaunchWrapper]: Using primary tweak class name cpw.mods.fml.common.launcher.FMLTweaker
[16:01:59] [main/INFO] [LaunchWrapper]: Calling tweak class cpw.mods.fml.common.launcher.FMLTweaker
[16:03:57] [main/INFO] [GradleStart]: No arguments specified, assuming client.
[16:03:57] [main/INFO] [GradleStart]: Extra: []
[16:03:57] [main/INFO] [GradleStart]: Running with arguments: [--userProperties, {}, --username, ForgeDevName, --tweakClass, cpw.mods.fml.common.launcher.FMLTweaker, --accessToken, FML, --assetIndex, 1.7.10, --assetsDir, C:/Users/Matthew/.gradle/caches/minecraft/assets, --version, 1.7.10]
[16:03:57] [main/INFO] [LaunchWrapper]: Loading tweak class name cpw.mods.fml.common.launcher.FMLTweaker
[16:03:57] [main/INFO] [LaunchWrapper]: Using primary tweak class name cpw.mods.fml.common.launcher.FMLTweaker
[16:03:57] [main/INFO] [LaunchWrapper]: Calling tweak class cpw.mods.fml.common.launcher.FMLTweaker
[16:05:09] [main/INFO] [GradleStart]: No arguments specified, assuming client.
[16:05:09] [main/INFO] [GradleStart]: Extra: []
[16:05:09] [main/INFO] [GradleStart]: Running with arguments: [--userProperties, {}, --username, ForgeDevName, --tweakClass, cpw.mods.fml.common.launcher.FMLTweaker, --accessToken, FML, --assetIndex, 1.7.10, --assetsDir, C:/Users/Matthew/.gradle/caches/minecraft/assets, --version, 1.7.10]
[16:05:09] [main/INFO] [LaunchWrapper]: Loading tweak class name cpw.mods.fml.common.launcher.FMLTweaker
[16:05:09] [main/INFO] [LaunchWrapper]: Using primary tweak class name cpw.mods.fml.common.launcher.FMLTweaker
[16:05:09] [main/INFO] [LaunchWrapper]: Calling tweak class cpw.mods.fml.common.launcher.FMLTweaker
[16:10:34] [main/INFO] [GradleStart]: No arguments specified, assuming client.
[16:10:34] [main/INFO] [GradleStart]: Extra: []
[16:10:34] [main/INFO] [GradleStart]: Running with arguments: [--userProperties, {}, --username, ForgeDevName, --tweakClass, cpw.mods.fml.common.launcher.FMLTweaker, --accessToken, FML, --assetIndex, 1.7.10, --assetsDir, C:/Users/Matthew/.gradle/caches/minecraft/assets, --version, 1.7.10]
[16:10:34] [main/INFO] [LaunchWrapper]: Loading tweak class name cpw.mods.fml.common.launcher.FMLTweaker
[16:10:34] [main/INFO] [LaunchWrapper]: Using primary tweak class name cpw.mods.fml.common.launcher.FMLTweaker
[16:10:34] [main/INFO] [LaunchWrapper]: Calling tweak class cpw.mods.fml.common.launcher.FMLTweaker
[16:12:06] [main/INFO] [GradleStart]: No arguments specified, assuming client.
[16:12:06] [main/INFO] [GradleStart]: Extra: []
[16:12:06] [main/INFO] [GradleStart]: Running with arguments: [--userProperties, {}, --username, ForgeDevName, --tweakClass, cpw.mods.fml.common.launcher.FMLTweaker, --accessToken, FML, --assetIndex, 1.7.10, --assetsDir, C:/Users/Matthew/.gradle/caches/minecraft/assets, --version, 1.7.10]
[16:12:06] [main/INFO] [LaunchWrapper]: Loading tweak class name cpw.mods.fml.common.launcher.FMLTweaker
[16:12:06] [main/INFO] [LaunchWrapper]: Using primary tweak class name cpw.mods.fml.common.launcher.FMLTweaker
[16:12:06] [main/INFO] [LaunchWrapper]: Calling tweak class cpw.mods.fml.common.launcher.FMLTweaker
[16:13:31] [main/INFO] [GradleStart]: No arguments specified, assuming client.
[16:13:31] [main/INFO] [GradleStart]: Extra: []
[16:13:31] [main/INFO] [GradleStart]: Running with arguments: [--userProperties, {}, --username, ForgeDevName, --tweakClass, cpw.mods.fml.common.launcher.FMLTweaker, --accessToken, FML, --assetIndex, 1.7.10, --assetsDir, C:/Users/Matthew/.gradle/caches/minecraft/assets, --version, 1.7.10]
[16:13:31] [main/INFO] [LaunchWrapper]: Loading tweak class name cpw.mods.fml.common.launcher.FMLTweaker
[16:13:31] [main/INFO] [LaunchWrapper]: Using primary tweak class name cpw.mods.fml.common.launcher.FMLTweaker
[16:13:31] [main/INFO] [LaunchWrapper]: Calling tweak class cpw.mods.fml.common.launcher.FMLTweaker
[16:15:10] [main/INFO] [GradleStart]: No arguments specified, assuming client.
[16:15:10] [main/INFO] [GradleStart]: Extra: []
[16:15:10] [main/INFO] [GradleStart]: Running with arguments: [--userProperties, {}, --username, ForgeDevName, --tweakClass, cpw.mods.fml.common.launcher.FMLTweaker, --accessToken, FML, --assetIndex, 1.7.10, --assetsDir, C:/Users/Matthew/.gradle/caches/minecraft/assets, --version, 1.7.10]
[16:15:10] [main/INFO] [LaunchWrapper]: Loading tweak class name cpw.mods.fml.common.launcher.FMLTweaker
[16:15:10] [main/INFO] [LaunchWrapper]: Using primary tweak class name cpw.mods.fml.common.launcher.FMLTweaker
[16:15:10] [main/INFO] [LaunchWrapper]: Calling tweak class cpw.mods.fml.common.launcher.FMLTweaker
[16:16:32] [main/INFO] [GradleStart]: No arguments specified, assuming client.
[16:16:32] [main/INFO] [GradleStart]: Extra: []
[16:16:32] [main/INFO] [GradleStart]: Running with arguments: [--userProperties, {}, --username, ForgeDevName, --tweakClass, cpw.mods.fml.common.launcher.FMLTweaker, --accessToken, FML, --assetIndex, 1.7.10, --assetsDir, C:/Users/Matthew/.gradle/caches/minecraft/assets, --version, 1.7.10]
[16:16:32] [main/INFO] [LaunchWrapper]: Loading tweak class name cpw.mods.fml.common.launcher.FMLTweaker
[16:16:32] [main/INFO] [LaunchWrapper]: Using primary tweak class name cpw.mods.fml.common.launcher.FMLTweaker
[16:16:32] [main/INFO] [LaunchWrapper]: Calling tweak class cpw.mods.fml.common.launcher.FMLTweaker
[16:21:32] [main/INFO] [GradleStart]: No arguments specified, assuming client.
[16:21:32] [main/INFO] [GradleStart]: Extra: []
[16:21:32] [main/INFO] [GradleStart]: Running with arguments: [--userProperties, {}, --username, ForgeDevName, --tweakClass, cpw.mods.fml.common.launcher.FMLTweaker, --accessToken, FML, --assetIndex, 1.7.10, --assetsDir, C:/Users/Matthew/.gradle/caches/minecraft/assets, --version, 1.7.10]
[16:21:32] [main/INFO] [LaunchWrapper]: Loading tweak class name cpw.mods.fml.common.launcher.FMLTweaker
[16:21:32] [main/INFO] [LaunchWrapper]: Using primary tweak class name cpw.mods.fml.common.launcher.FMLTweaker
[16:21:32] [main/INFO] [LaunchWrapper]: Calling tweak class cpw.mods.fml.common.launcher.FMLTweaker
[16:27:55] [main/INFO] [GradleStart]: No arguments specified, assuming client.
[16:27:55] [main/INFO] [GradleStart]: Extra: []
[16:27:55] [main/INFO] [GradleStart]: Running with arguments: [--userProperties, {}, --username, ForgeDevName, --tweakClass, cpw.mods.fml.common.launcher.FMLTweaker, --accessToken, FML, --assetIndex, 1.7.10, --assetsDir, C:/Users/Matthew/.gradle/caches/minecraft/assets, --version, 1.7.10]
[16:27:55] [main/INFO] [LaunchWrapper]: Loading tweak class name cpw.mods.fml.common.launcher.FMLTweaker
[16:27:55] [main/INFO] [LaunchWrapper]: Using primary tweak class name cpw.mods.fml.common.launcher.FMLTweaker
[16:27:55] [main/INFO] [LaunchWrapper]: Calling tweak class cpw.mods.fml.common.launcher.FMLTweaker
[16:29:27] [main/INFO] [GradleStart]: No arguments specified, assuming client.
[16:29:27] [main/INFO] [GradleStart]: Extra: []
[16:29:27] [main/INFO] [GradleStart]: Running with arguments: [--userProperties, {}, --username, ForgeDevName, --tweakClass, cpw.mods.fml.common.launcher.FMLTweaker, --accessToken, FML, --assetIndex, 1.7.10, --assetsDir, C:/Users/Matthew/.gradle/caches/minecraft/assets, --version, 1.7.10]
[16:29:27] [main/INFO] [LaunchWrapper]: Loading tweak class name cpw.mods.fml.common.launcher.FMLTweaker
[16:29:27] [main/INFO] [LaunchWrapper]: Using primary tweak class name cpw.mods.fml.common.launcher.FMLTweaker
[16:29:27] [main/INFO] [LaunchWrapper]: Calling tweak class cpw.mods.fml.common.launcher.FMLTweaker
[16:31:47] [main/INFO] [GradleStart]: No arguments specified, assuming client.
[16:31:47] [main/INFO] [GradleStart]: Extra: []
[16:31:47] [main/INFO] [GradleStart]: Running with arguments: [--userProperties, {}, --username, ForgeDevName, --tweakClass, cpw.mods.fml.common.launcher.FMLTweaker, --accessToken, FML, --assetIndex, 1.7.10, --assetsDir, C:/Users/Matthew/.gradle/caches/minecraft/assets, --version, 1.7.10]
[16:31:47] [main/INFO] [LaunchWrapper]: Loading tweak class name cpw.mods.fml.common.launcher.FMLTweaker
[16:31:47] [main/INFO] [LaunchWrapper]: Using primary tweak class name cpw.mods.fml.common.launcher.FMLTweaker
[16:31:47] [main/INFO] [LaunchWrapper]: Calling tweak class cpw.mods.fml.common.launcher.FMLTweaker
[16:43:11] [main/INFO] [GradleStart]: No arguments specified, assuming client.
[16:43:11] [main/INFO] [GradleStart]: Extra: []
[16:43:11] [main/INFO] [GradleStart]: Running with arguments: [--userProperties, {}, --username, ForgeDevName, --tweakClass, cpw.mods.fml.common.launcher.FMLTweaker, --accessToken, FML, --assetIndex, 1.7.10, --assetsDir, C:/Users/Matthew/.gradle/caches/minecraft/assets, --version, 1.7.10]
[16:43:11] [main/INFO] [LaunchWrapper]: Loading tweak class name cpw.mods.fml.common.launcher.FMLTweaker
[16:43:11] [main/INFO] [LaunchWrapper]: Using primary tweak class name cpw.mods.fml.common.launcher.FMLTweaker
[16:43:11] [main/INFO] [LaunchWrapper]: Calling tweak class cpw.mods.fml.common.launcher.FMLTweaker
[16:44:07] [main/INFO] [GradleStart]: No arguments specified, assuming client.
[16:44:07] [main/INFO] [GradleStart]: Extra: []
[16:44:07] [main/INFO] [GradleStart]: Running with arguments: [--userProperties, {}, --username, ForgeDevName, --tweakClass, cpw.mods.fml.common.launcher.FMLTweaker, --accessToken, FML, --assetIndex, 1.7.10, --assetsDir, C:/Users/Matthew/.gradle/caches/minecraft/assets, --version, 1.7.10]
[16:44:07] [main/INFO] [LaunchWrapper]: Loading tweak class name cpw.mods.fml.common.launcher.FMLTweaker
[16:44:07] [main/INFO] [LaunchWrapper]: Using primary tweak class name cpw.mods.fml.common.launcher.FMLTweaker
[16:44:07] [main/INFO] [LaunchWrapper]: Calling tweak class cpw.mods.fml.common.launcher.FMLTweaker
[16:49:45] [main/INFO] [GradleStart]: No arguments specified, assuming client.
[16:49:45] [main/INFO] [GradleStart]: Extra: []
[16:49:45] [main/INFO] [GradleStart]: Running with arguments: [--userProperties, {}, --username, ForgeDevName, --tweakClass, cpw.mods.fml.common.launcher.FMLTweaker, --accessToken, FML, --assetIndex, 1.7.10, --assetsDir, C:/Users/Matthew/.gradle/caches/minecraft/assets, --version, 1.7.10]
[16:49:45] [main/INFO] [LaunchWrapper]: Loading tweak class name cpw.mods.fml.common.launcher.FMLTweaker
[16:49:45] [main/INFO] [LaunchWrapper]: Using primary tweak class name cpw.mods.fml.common.launcher.FMLTweaker
[16:49:45] [main/INFO] [LaunchWrapper]: Calling tweak class cpw.mods.fml.common.launcher.FMLTweaker
[16:55:12] [main/INFO] [GradleStart]: No arguments specified, assuming client.
[16:55:12] [main/INFO] [GradleStart]: Extra: []
[16:55:12] [main/INFO] [GradleStart]: Running with arguments: [--userProperties, {}, --username, ForgeDevName, --tweakClass, cpw.mods.fml.common.launcher.FMLTweaker, --accessToken, FML, --assetIndex, 1.7.10, --assetsDir, C:/Users/Matthew/.gradle/caches/minecraft/assets, --version, 1.7.10]
[16:55:12] [main/INFO] [LaunchWrapper]: Loading tweak class name cpw.mods.fml.common.launcher.FMLTweaker
[16:55:12] [main/INFO] [LaunchWrapper]: Using primary tweak class name cpw.mods.fml.common.launcher.FMLTweaker
[16:55:12] [main/INFO] [LaunchWrapper]: Calling tweak class cpw.mods.fml.common.launcher.FMLTweaker
